{"total": {"lines":{"total":57,"covered":55,"skipped":0,"pct":96.49},"statements":{"total":64,"covered":61,"skipped":0,"pct":95.31},"functions":{"total":24,"covered":24,"skipped":0,"pct":100},"branches":{"total":28,"covered":21,"skipped":0,"pct":75},"branchesTrue":{"total":0,"covered":0,"skipped":0,"pct":"Unknown"}}
,"/Users/v_c/WebstormProjects/project7/src/fetchCurrentTemperature.ts": {"lines":{"total":12,"covered":12,"skipped":0,"pct":100},"functions":{"total":6,"covered":6,"skipped":0,"pct":100},"statements":{"total":14,"covered":14,"skipped":0,"pct":100},"branches":{"total":10,"covered":8,"skipped":0,"pct":80}}
,"/Users/v_c/WebstormProjects/project7/src/fetchGeoCoord.ts": {"lines":{"total":10,"covered":9,"skipped":0,"pct":90},"functions":{"total":3,"covered":3,"skipped":0,"pct":100},"statements":{"total":10,"covered":9,"skipped":0,"pct":90},"branches":{"total":6,"covered":5,"skipped":0,"pct":83.33}}
,"/Users/v_c/WebstormProjects/project7/src/fetchUniversities.ts": {"lines":{"total":9,"covered":9,"skipped":0,"pct":100},"functions":{"total":4,"covered":4,"skipped":0,"pct":100},"statements":{"total":11,"covered":10,"skipped":0,"pct":90.9},"branches":{"total":4,"covered":2,"skipped":0,"pct":50}}
,"/Users/v_c/WebstormProjects/project7/src/universityWeather.ts": {"lines":{"total":26,"covered":25,"skipped":0,"pct":96.15},"functions":{"total":11,"covered":11,"skipped":0,"pct":100},"statements":{"total":29,"covered":28,"skipped":0,"pct":96.55},"branches":{"total":8,"covered":6,"skipped":0,"pct":75}}
}
