{"total": {"lines":{"total":58,"covered":57,"skipped":0,"pct":98.27},"statements":{"total":66,"covered":64,"skipped":0,"pct":96.96},"functions":{"total":24,"covered":24,"skipped":0,"pct":100},"branches":{"total":28,"covered":22,"skipped":0,"pct":78.57},"branchesTrue":{"total":0,"covered":0,"skipped":0,"pct":"Unknown"}}
,"/Users/v_c/WebstormProjects/project7/src/fetchCurrentTemperature.ts": {"lines":{"total":12,"covered":12,"skipped":0,"pct":100},"functions":{"total":6,"covered":6,"skipped":0,"pct":100},"statements":{"total":14,"covered":14,"skipped":0,"pct":100},"branches":{"total":10,"covered":8,"skipped":0,"pct":80}}
,"/Users/v_c/WebstormProjects/project7/src/fetchGeoCoord.ts": {"lines":{"total":10,"covered":9,"skipped":0,"pct":90},"functions":{"total":3,"covered":3,"skipped":0,"pct":100},"statements":{"total":10,"covered":9,"skipped":0,"pct":90},"branches":{"total":6,"covered":5,"skipped":0,"pct":83.33}}
,"/Users/v_c/WebstormProjects/project7/src/fetchUniversities.ts": {"lines":{"total":9,"covered":9,"skipped":0,"pct":100},"functions":{"total":4,"covered":4,"skipped":0,"pct":100},"statements":{"total":11,"covered":10,"skipped":0,"pct":90.9},"branches":{"total":4,"covered":2,"skipped":0,"pct":50}}
,"/Users/v_c/WebstormProjects/project7/src/universityWeather.ts": {"lines":{"total":27,"covered":27,"skipped":0,"pct":100},"functions":{"total":11,"covered":11,"skipped":0,"pct":100},"statements":{"total":31,"covered":31,"skipped":0,"pct":100},"branches":{"total":8,"covered":7,"skipped":0,"pct":87.5}}
}
