TN:
SF:src/fetchCurrentTemperature.ts
FN:9,fetchCurrentTemperature
FN:19,(anonymous_2)
FN:20,(anonymous_3)
FN:21,(anonymous_4)
FN:24,(anonymous_5)
FN:26,(anonymous_6)
FNF:6
FNH:6
FNDA:16,fetchCurrentTemperature
FNDA:16,(anonymous_2)
FNDA:16,(anonymous_3)
FNDA:16,(anonymous_4)
FNDA:2688,(anonymous_5)
FNDA:2688,(anonymous_6)
DA:2,2
DA:9,2
DA:17,16
DA:18,16
DA:19,16
DA:20,16
DA:22,16
DA:23,16
DA:24,2688
DA:25,16
DA:26,2688
DA:27,16
LF:12
LH:12
BRDA:19,0,0,16
BRDA:19,0,1,0
BRDA:20,1,0,16
BRDA:20,1,1,0
BRDA:23,2,0,16
BRDA:23,3,0,16
BRDA:23,3,1,16
BRDA:25,4,0,16
BRDA:25,5,0,16
BRDA:25,5,1,16
BRF:10
BRH:8
end_of_record
TN:
SF:src/fetchGeoCoord.ts
FN:8,fetchGeoCoord
FN:18,(anonymous_2)
FN:19,(anonymous_3)
FNF:3
FNH:3
FNDA:16,fetchGeoCoord
FNDA:16,(anonymous_2)
FNDA:16,(anonymous_3)
DA:1,2
DA:8,2
DA:16,16
DA:17,16
DA:18,16
DA:20,16
DA:21,16
DA:22,16
DA:23,16
DA:30,0
LF:10
LH:9
BRDA:18,0,0,16
BRDA:18,0,1,0
BRDA:20,1,0,16
BRDA:22,2,0,16
BRDA:22,3,0,16
BRDA:22,3,1,16
BRF:6
BRH:5
end_of_record
TN:
SF:src/fetchUniversities.ts
FN:3,fetchUniversities
FN:12,(anonymous_2)
FN:13,(anonymous_3)
FN:16,(anonymous_4)
FNF:4
FNH:4
FNDA:3,fetchUniversities
FNDA:3,(anonymous_2)
FNDA:3,(anonymous_3)
FNDA:16,(anonymous_4)
DA:1,2
DA:3,2
DA:10,3
DA:11,3
DA:12,3
DA:14,3
DA:16,3
DA:17,16
DA:18,16
LF:9
LH:9
BRDA:12,0,0,3
BRDA:12,0,1,0
BRDA:14,1,0,0
BRDA:17,2,0,16
BRF:4
BRH:2
end_of_record
TN:
SF:src/universityWeather.ts
FN:11,fetchUniversityWeather
FN:21,(anonymous_1)
FN:23,(anonymous_2)
FN:25,(anonymous_3)
FN:27,(anonymous_4)
FN:31,(anonymous_5)
FN:45,(anonymous_6)
FN:45,(anonymous_7)
FN:79,fetchUMassWeather
FN:81,(anonymous_9)
FN:89,fetchUCalWeather
FNF:11
FNH:11
FNDA:2,fetchUniversityWeather
FNDA:2,(anonymous_1)
FNDA:15,(anonymous_2)
FNDA:15,(anonymous_3)
FNDA:15,(anonymous_4)
FNDA:2520,(anonymous_5)
FNDA:2,(anonymous_6)
FNDA:2,(anonymous_7)
FNDA:1,fetchUMassWeather
FNDA:4,(anonymous_9)
FNDA:1,fetchUCalWeather
DA:1,1
DA:2,1
DA:3,1
DA:11,1
DA:16,2
DA:17,2
DA:18,2
DA:20,2
DA:22,2
DA:24,15
DA:26,15
DA:28,15
DA:31,2520
DA:33,15
DA:34,15
DA:35,15
DA:36,2
DA:38,15
DA:45,2
DA:79,1
DA:81,1
DA:82,4
DA:83,3
DA:84,2
DA:85,1
DA:89,1
DA:91,1
LF:27
LH:27
BRDA:24,0,0,4
BRDA:24,0,1,11
BRDA:29,1,0,0
BRDA:29,1,1,15
BRDA:35,2,0,2
BRDA:82,3,0,1
BRDA:83,4,0,1
BRDA:84,5,0,1
BRF:8
BRH:7
end_of_record
